<?xml version="1.0" encoding="UTF-8"?>
<!-- Generated by org.testng.reporters.JUnitXMLReporter -->
<testsuite ignored="0" hostname="VAMSHI" failures="0" tests="24" name="saucelabsTestCase" time="265.792" errors="0" timestamp="2025-04-26T22:06:18 IST">
  <testcase classname="com.newframework.baseclass.newBaseclass" name="@AfterClass tearDown" time="3.186">
    <failure type="org.openqa.selenium.NoSuchSessionException" message="invalid session id: session deleted as the browser has closed the connection
from disconnected: Unable to receive message from renderer
  (Session info: chrome=135.0.7049.115)
Build info: version: &amp;apos;4.27.0&amp;apos;, revision: &amp;apos;d6e718d&amp;apos;
System info: os.name: &amp;apos;Windows 11&amp;apos;, os.arch: &amp;apos;amd64&amp;apos;, os.version: &amp;apos;10.0&amp;apos;, java.version: &amp;apos;22.0.1&amp;apos;
Driver info: org.openqa.selenium.chrome.ChromeDriver
Command: [8379561e51e6c5db8d02bda286cf54a0, close {}]
Capabilities {acceptInsecureCerts: false, browserName: chrome, browserVersion: 135.0.7049.115, chrome: {chromedriverVersion: 135.0.7049.114 (63fd8a7d9d0..., userDataDir: C:\Users\vamsh\AppData\Loca...}, fedcm:accounts: true, goog:chromeOptions: {debuggerAddress: localhost:51395}, networkConnectionEnabled: false, pageLoadStrategy: normal, platformName: windows, proxy: Proxy(), se:cdp: ws://localhost:51395/devtoo..., se:cdpVersion: 135.0.7049.115, setWindowRect: true, strictFileInteractability: false, timeouts: {implicit: 0, pageLoad: 300000, script: 30000}, unhandledPromptBehavior: dismiss and notify, webauthn:extension:credBlob: true, webauthn:extension:largeBlob: true, webauthn:extension:minPinLength: true, webauthn:extension:prf: true, webauthn:virtualAuthenticators: true}
Session ID: 8379561e51e6c5db8d02bda286cf54a0">
      <![CDATA[org.openqa.selenium.NoSuchSessionException: invalid session id: session deleted as the browser has closed the connection
from disconnected: Unable to receive message from renderer
  (Session info: chrome=135.0.7049.115)
Build info: version: '4.27.0', revision: 'd6e718d'
System info: os.name: 'Windows 11', os.arch: 'amd64', os.version: '10.0', java.version: '22.0.1'
Driver info: org.openqa.selenium.chrome.ChromeDriver
Command: [8379561e51e6c5db8d02bda286cf54a0, close {}]
Capabilities {acceptInsecureCerts: false, browserName: chrome, browserVersion: 135.0.7049.115, chrome: {chromedriverVersion: 135.0.7049.114 (63fd8a7d9d0..., userDataDir: C:\Users\vamsh\AppData\Loca...}, fedcm:accounts: true, goog:chromeOptions: {debuggerAddress: localhost:51395}, networkConnectionEnabled: false, pageLoadStrategy: normal, platformName: windows, proxy: Proxy(), se:cdp: ws://localhost:51395/devtoo..., se:cdpVersion: 135.0.7049.115, setWindowRect: true, strictFileInteractability: false, timeouts: {implicit: 0, pageLoad: 300000, script: 30000}, unhandledPromptBehavior: dismiss and notify, webauthn:extension:credBlob: true, webauthn:extension:largeBlob: true, webauthn:extension:minPinLength: true, webauthn:extension:prf: true, webauthn:virtualAuthenticators: true}
Session ID: 8379561e51e6c5db8d02bda286cf54a0
at org.openqa.selenium.remote.ErrorCodec.decode(ErrorCodec.java:167)
at org.openqa.selenium.remote.codec.w3c.W3CHttpResponseCodec.decode(W3CHttpResponseCodec.java:138)
at org.openqa.selenium.remote.codec.w3c.W3CHttpResponseCodec.decode(W3CHttpResponseCodec.java:50)
at org.openqa.selenium.remote.HttpCommandExecutor.execute(HttpCommandExecutor.java:190)
at org.openqa.selenium.remote.service.DriverCommandExecutor.invokeExecute(DriverCommandExecutor.java:216)
at org.openqa.selenium.remote.service.DriverCommandExecutor.execute(DriverCommandExecutor.java:174)
at org.openqa.selenium.remote.RemoteWebDriver.execute(RemoteWebDriver.java:545)
at org.openqa.selenium.remote.RemoteWebDriver.execute(RemoteWebDriver.java:618)
at org.openqa.selenium.remote.RemoteWebDriver.execute(RemoteWebDriver.java:622)
at org.openqa.selenium.remote.RemoteWebDriver.close(RemoteWebDriver.java:418)
at com.newframework.baseclass.newBaseclass.tearDown(newBaseclass.java:66)
at java.base/java.util.ArrayList.forEach(ArrayList.java:1597)
... Removed 26 stack frames]]>
    </failure>
  </testcase> <!-- @AfterClass tearDown -->
  <testcase classname="com.newframework.saucelabs.logintestcases.loginwithValidCredentials" name="login" time="1.112"/>
  <testcase classname="com.newframework.saucelabs.logintestcases.invalidLogin" name="invalidLogin" time="10.113"/>
  <testcase classname="com.newframework.saucelabs.logintestcases.loginwithEmptyFields" name="loginwithoutCredentials" time="0.877"/>
  <testcase classname="com.newframework.saucelabs.logintestcases.loginwithOnlyUsername" name="usernameOnly" time="1.176"/>
  <testcase classname="com.newframework.saucelabs.logintestcases.loginwithOnlyPwd" name="pwdOnly" time="0.958"/>
  <testcase classname="com.newframework.saucelabs.inventoryTestcases.productListCount" name="validateProductListCount" time="0.092"/>
  <testcase classname="com.newframework.saucelabs.inventoryTestcases.productDetails" name="verifyProductDetails" time="0.635"/>
  <testcase classname="com.newframework.saucelabs.inventoryTestcases.sortLowToHigh" name="sortLowtoHigh" time="0.363"/>
  <testcase classname="com.newframework.saucelabs.inventoryTestcases.sortHighToLow" name="sortHighToLow" time="0.354"/>
  <testcase classname="com.newframework.saucelabs.inventoryTestcases.sortAtoZ" name="sortingAtoZ" time="0.271"/>
  <testcase classname="com.newframework.saucelabs.inventoryTestcases.sortZtoA" name="sortZToA" time="0.258"/>
  <testcase classname="com.newframework.saucelabs.inventoryTestcases.addtoCart" name="addToCart" time="0.201"/>
  <testcase classname="com.newframework.saucelabs.inventoryTestcases.addMultipleProducts" name="addMultipleProductsToCart" time="9.472"/>
  <testcase classname="com.newframework.saucelabs.inventoryTestcases.removeProductFromCart" name="removeProduct" time="3.376"/>
  <testcase classname="com.newframework.saucelabs.cartTestcases.navigateToCart" name="navToCart" time="0.183"/>
  <testcase classname="com.newframework.saucelabs.cartTestcases.backToInventory" name="toContinueShopping" time="3.402"/>
  <testcase classname="com.newframework.saucelabs.cartTestcases.removeItemsInCart" name="removeItemsInCart" time="6.347"/>
  <testcase classname="com.newframework.saucelabs.cartTestcases.checkOut" name="verifyCheckOut" time="6.488"/>
  <testcase classname="com.newframework.saucelabs.checkOutFlow.checkOutWithValidData" name="verifyCheckOutwitValidData" time="10.273"/>
  <testcase classname="com.newframework.saucelabs.checkOutFlow.firstNameErrorMssg" name="verifyFirstNameErrorMssg" time="0.621"/>
  <testcase classname="com.newframework.saucelabs.checkOutFlow.lastNameErrorMssg" name="verifyLastNameErrorMssg" time="0.44"/>
  <testcase classname="com.newframework.saucelabs.checkOutFlow.zipCodeErrorMssg" name="verifyCheckOutwitValidData" time="10.049"/>
  <testcase classname="com.newframework.saucelabs.checkOutFlow.finalCheckOut" name="verifyCheckOutwitValidData" time="10.404"/>
  <testcase classname="com.newframework.saucelabs.checkOutFlow.cancelOrder" name="verifyCheckOutwitValidData" time="9.988"/>
</testsuite> <!-- saucelabsTestCase -->
